<?xml version="1.0" encoding="UTF-8"?>
<!-- Generated by org.testng.reporters.JUnitReportReporter -->
<testsuite hostname="LAPTOP-58I4EV1J" failures="0" tests="1" name="testcases.session" time="19.462" errors="0" timestamp="13 Oct 2023 16:07:17 GMT" skipped="0">
  <testcase classname="testcases.session" name="dologin" time="19.462"/>
</testsuite> <!-- testcases.session -->
